<?xml version="1.0" encoding="utf-8"?><test-results name="/home/alex/MonoDevelop/Barebone/src/Router/src/Barebone.Router.Tests/bin/Debug/Barebone.Router.Tests.dll" date="2014-01-04" time="14:50:44" total="78" failures="0" not-run="1"><test-suite name="/home/alex/MonoDevelop/Barebone/src/Router/src/Barebone.Router.Tests/bin/Debug/Barebone.Router.Tests.dll" success="True" time="0.059"><results><test-suite name="Barebone.Routing.PathParser_Tests" success="True" time="0.040"><results><test-case name="Barebone.Routing.PathParser_Tests.Parameter_name_of_static_parts_is_null" executed="True" success="True" time="0.038"></test-case><test-case name="Barebone.Routing.PathParser_Tests.Sets_value_of_dynamic_segments" executed="True" success="True" time="0.000"></test-case><test-case name="Barebone.Routing.PathParser_Tests.Sets_parameter_names_correctly" executed="True" success="True" time="0.001"></test-case><test-case name="Barebone.Routing.PathParser_Tests.Value_of_ending_is_set_correctly" executed="True" success="True" time="0.000"></test-case><test-case name="Barebone.Routing.PathParser_Tests.Recognizes_one_static" executed="True" success="True" time="0.000"></test-case><test-case name="Barebone.Routing.PathParser_Tests.Recognizes_parameter_in_segment_only_consists_of_one_parameter" executed="True" success="True" time="0.000"></test-case><test-case name="Barebone.Routing.PathParser_Tests.Can_use_minus_in_static_segments" executed="True" success="True" time="0.000"></test-case><test-case name="Barebone.Routing.PathParser_Tests.End_is_added_as_static_element" executed="True" success="True" time="0.000"></test-case><test-case name="Barebone.Routing.PathParser_Tests.Sets_values_of_static_segments_correctly" executed="True" success="True" time="0.000"></test-case><test-case name="Barebone.Routing.PathParser_Tests.Slash_at_end_generates_a_new_segment" executed="True" success="True" time="0.000"></test-case><test-case name="Barebone.Routing.PathParser_Tests.End_is_added_as_static_element_if_end_is_html" executed="True" success="True" time="0.000"></test-case><test-case name="Barebone.Routing.PathParser_Tests.Recognizes_static_segments" executed="True" success="True" time="0.000"></test-case><test-case name="Barebone.Routing.PathParser_Tests.Elements_are_in_correct_order" executed="True" success="True" time="0.001"></test-case></results></test-suite><test-suite name="Barebone.Routing.Router_ParameterConditions" success="True" time="0.009"><results><test-case name="Barebone.Routing.Router_ParameterConditions.Owin_Environment_is_passed_to_condition_function" executed="True" success="True" time="0.009"></test-case><test-case name="Barebone.Routing.Router_ParameterConditions.Does__otherturn_Route_if_condition_is_false" executed="True" success="True" time="0.000"></test-case><test-case name="Barebone.Routing.Router_ParameterConditions.Route_parameters_are_passed_to_condition_function" executed="True" success="True" time="0.000"></test-case><test-case name="Barebone.Routing.Router_ParameterConditions.Route_parameters_passed_to_condition_function_are_not_null_if_route_contains_no_parameters" executed="True" success="True" time="0.000"></test-case><test-case name="Barebone.Routing.Router_ParameterConditions.If_no_general_route_condition_is_defined_this_equals_true" executed="True" success="True" time="0.000"></test-case><test-case name="Barebone.Routing.Router_ParameterConditions.Route_instance_is_passed_to_condition_function" executed="True" success="True" time="0.000"></test-case><test-case name="Barebone.Routing.Router_ParameterConditions.ConditionData_is_passed_to_condition_function" executed="True" success="True" time="0.000"></test-case></results></test-suite><test-suite name="Barebone.Routing.Router_Conditions" success="True" time="0.000"><results><test-case name="Barebone.Routing.Router_Conditions.Throws_exception_if_condition_is_null" executed="True" success="True" time="0.000"></test-case><test-case name="Barebone.Routing.Router_Conditions.Data_is_null_if_constuctor_without_data_is_used" executed="True" success="True" time="0.000"></test-case><test-case name="Barebone.Routing.Router_Conditions.Data_is_set_when_constructing_with_data" executed="True" success="True" time="0.000"></test-case><test-case name="Barebone.Routing.Router_Conditions.Condition_is_set" executed="True" success="True" time="0.000"></test-case><test-case name="Barebone.Routing.Router_Conditions.Condition_is_set_when_constructing_with_data" executed="True" success="True" time="0.000"></test-case></results></test-suite><test-suite name="Barebone.Routing.Router_General" success="True" time="0.002"><results><test-case name="Barebone.Routing.Router_General.Puts_values_of_parameters_into_parameters_dictionary" executed="True" success="True" time="0.000"></test-case><test-case name="Barebone.Routing.Router_General.Get_Static_Urls_with_dynamic_segment_and_multiple_parameters_is_matched_correctly" executed="True" success="True" time="0.000"></test-case><test-case name="Barebone.Routing.Router_General.Does_not_route_to_action_if_path_is_to_long" executed="True" success="True" time="0.000"></test-case><test-case name="Barebone.Routing.Router_General.Passes_paramter_values_to_parameter_condition_functions" executed="True" success="True" time="0.001"></test-case><test-case name="Barebone.Routing.Router_General.Does_not_route_if_last_segement_does_not_match" executed="True" success="True" time="0.000"></test-case><test-case name="Barebone.Routing.Router_General.Puts_values_of_parameters_into_parameters_dictionary_if_url_ends_with_static_segment" executed="True" success="True" time="0.001"></test-case><test-case name="Barebone.Routing.Router_General.Router_stops_checking_conditions_if_it_found_condition_that_returns_false" executed="True" success="True" time="0.000"></test-case><test-case name="Barebone.Routing.Router_General.Route_data_is_not_null_if_there_no_parameters_have_been_defined" executed="True" success="True" time="0.000"></test-case><test-case name="Barebone.Routing.Router_General.Get_Static_Urls_with_dynamic_segment_is_matched_correctly" executed="True" success="True" time="0.000"></test-case><test-case name="Barebone.Routing.Router_General.All_Parameter_condition_for_same_paramter_get_checked_until_one_returns_false" executed="True" success="True" time="0.000"></test-case><test-case name="Barebone.Routing.Router_General.Route_is_picted_if_all_parameter_conditions_return_true" executed="True" success="True" time="0.000"></test-case><test-case name="Barebone.Routing.Router_General.Get_Static_Urls_with_one_segment_is_matched_correctly" executed="True" success="True" time="0.000"></test-case><test-case name="Barebone.Routing.Router_General.If_no_route_condition_is_defined_for_a_parameter_this_equals_true" executed="True" success="True" time="0.000"></test-case><test-case name="Barebone.Routing.Router_General.Route_is_not_picted_if_one_parameter_condition_does_return_false" executed="True" success="True" time="0.000"></test-case><test-case name="Barebone.Routing.Router_General.Static_segments_have_to_be_equal" executed="True" success="True" time="0.000"></test-case></results></test-suite><test-suite name="Barebone.Routing.Route_Tests" success="True" time="0.000"><results><test-case name="Barebone.Routing.Route_Tests.Data_Dictionary_is_not_null" executed="True" success="True" time="0.000"></test-case><test-case name="Barebone.Routing.Route_Tests.Exception_is_thrown_when_paramter_is_defined_multiple_times" executed="False"></test-case><test-case name="Barebone.Routing.Route_Tests.Sets_Route_Path" executed="True" success="True" time="0.000"></test-case><test-case name="Barebone.Routing.Route_Tests.Id_is_null_if_route_id_is_not_defined" executed="True" success="True" time="0.000"></test-case><test-case name="Barebone.Routing.Route_Tests.Route_can_be_created_with_an_id" executed="True" success="True" time="0.000"></test-case></results></test-suite><test-suite name="Barebone.Routing.Tests.Router_Priorities" success="True" time="0.002"><results><test-case name="Barebone.Routing.Tests.Router_Priorities.If_a_url_matches_multiple_routes_the_routes_are_checked_ordered_by_priority" executed="True" success="True" time="0.001"></test-case><test-case name="Barebone.Routing.Tests.Router_Priorities.If_multiple_routes_match_a_request_the_route_with_the_highest_priority_is_selected" executed="True" success="True" time="0.001"></test-case><test-case name="Barebone.Routing.Tests.Router_Priorities.When_a_route_is_found_routes_with_a_lower_priority_are_not_checked" executed="True" success="True" time="0.000"></test-case></results></test-suite><test-suite name="Barebone.Routing.Tests.Router_Data" success="True" time="0.000"><results><test-case name="Barebone.Routing.Tests.Router_Data.Route_data_can_be_stored_and_retrieved" executed="True" success="True" time="0.000"></test-case></results></test-suite><test-suite name="Barebone.Routing.Tests.Router_Ids" success="True" time="0.001"><results><test-case name="Barebone.Routing.Tests.Router_Ids.Two_routes_without_an_id_can_be_defined" executed="True" success="True" time="0.000"></test-case><test-case name="Barebone.Routing.Tests.Router_Ids.Route_can_be_removed_by_id" executed="True" success="True" time="0.000"></test-case><test-case name="Barebone.Routing.Tests.Router_Ids.If_a_route_is_added_with_an_id_that_already_exists_the_router_throws_an_exception" executed="True" success="True" time="0.001"></test-case><test-case name="Barebone.Routing.Tests.Router_Ids.Route_can_be_defined_without_id" executed="True" success="True" time="0.000"></test-case></results></test-suite><test-suite name="Barebone.Routing.RouteTree_Tests" success="True" time="0.001"><results><test-case name="Barebone.Routing.RouteTree_Tests.Does_not_return_route_with_wrong_segement_count" executed="True" success="True" time="0.000"></test-case><test-case name="Barebone.Routing.RouteTree_Tests.Does_not_return_route_with_with_wrong_static_segment" executed="True" success="True" time="0.000"></test-case><test-case name="Barebone.Routing.RouteTree_Tests.Returns_dynamic_route_as_candiate" executed="True" success="True" time="0.000"></test-case><test-case name="Barebone.Routing.RouteTree_Tests.Returns_dynamic_route_with_multiple_parameters_in_one_segment_as_candiate" executed="True" success="True" time="0.000"></test-case><test-case name="Barebone.Routing.RouteTree_Tests.Returns_Candidates" executed="True" success="True" time="0.000"></test-case><test-case name="Barebone.Routing.RouteTree_Tests.Returns_Routes_ordered_by_priority" executed="True" success="True" time="0.001"></test-case></results></test-suite><test-suite name="Barebone.Routing.Tests.RouteTree_RemoveByInstance" success="True" time="0.000"><results><test-case name="Barebone.Routing.Tests.RouteTree_RemoveByInstance.Throws_argument_exception_if_RemoveRoute_is_call_with_null_parameter" executed="True" success="True" time="0.000"></test-case><test-case name="Barebone.Routing.Tests.RouteTree_RemoveByInstance.Route_with_two_static_segments_can_be_removed" executed="True" success="True" time="0.000"></test-case><test-case name="Barebone.Routing.Tests.RouteTree_RemoveByInstance.Throws_argument_exception_if_RemoveRoute_is_called_with_empty_string" executed="True" success="True" time="0.000"></test-case><test-case name="Barebone.Routing.Tests.RouteTree_RemoveByInstance.Route_can_be_removed" executed="True" success="True" time="0.000"></test-case><test-case name="Barebone.Routing.Tests.RouteTree_RemoveByInstance.Route_dynamic_segment_can_be_removed" executed="True" success="True" time="0.000"></test-case><test-case name="Barebone.Routing.Tests.RouteTree_RemoveByInstance.Route_with_static_and_dynamic_segment_can_be_removed" executed="True" success="True" time="0.000"></test-case></results></test-suite><test-suite name="Barebone.Routing.Tests.RouteTree_RemoveById" success="True" time="0.000"><results><test-case name="Barebone.Routing.Tests.RouteTree_RemoveById.RemoveById_throws_ArgumentException_if_id_is_not_available" executed="True" success="True" time="0.000"></test-case><test-case name="Barebone.Routing.Tests.RouteTree_RemoveById.Route_can_be_removed_by_id" executed="True" success="True" time="0.000"></test-case></results></test-suite><test-suite name="Barebone.Routing.Tests.RouteTree_Ids" success="True" time="0.000"><results><test-case name="Barebone.Routing.Tests.RouteTree_Ids.If_a_route_is_added_with_an_id_that_already_exists_the_router_throws_an_exception" executed="True" success="True" time="0.000"></test-case><test-case name="Barebone.Routing.Tests.RouteTree_Ids.Two_routes_without_an_id_can_be_defined" executed="True" success="True" time="0.000"></test-case></results></test-suite><test-suite name="Barebone.Routing.Tests.Router_RemoveById" success="True" time="0.000"><results><test-case name="Barebone.Routing.Tests.Router_RemoveById.RemoveById_throws_ArgumentException_if_id_is_not_available" executed="True" success="True" time="0.000"></test-case><test-case name="Barebone.Routing.Tests.Router_RemoveById.Route_can_be_removed_by_id" executed="True" success="True" time="0.000"></test-case></results></test-suite><test-suite name="Barebone.Routing.Tests.Router_RemoveByInstance" success="True" time="0.000"><results><test-case name="Barebone.Routing.Tests.Router_RemoveByInstance.Route_dynamic_segment_can_be_removed" executed="True" success="True" time="0.000"></test-case><test-case name="Barebone.Routing.Tests.Router_RemoveByInstance.Throws_argument_exception_if_RemoveRoute_is_call_with_null_parameter" executed="True" success="True" time="0.000"></test-case><test-case name="Barebone.Routing.Tests.Router_RemoveByInstance.Route_with_two_static_segments_can_be_removed" executed="True" success="True" time="0.000"></test-case><test-case name="Barebone.Routing.Tests.Router_RemoveByInstance.Route_with_static_and_dynamic_segment_can_be_removed" executed="True" success="True" time="0.000"></test-case><test-case name="Barebone.Routing.Tests.Router_RemoveByInstance.Throws_argument_exception_if_RemoveRoute_is_called_with_empty_string" executed="True" success="True" time="0.000"></test-case><test-case name="Barebone.Routing.Tests.Router_RemoveByInstance.Route_can_be_removed" executed="True" success="True" time="0.000"></test-case></results></test-suite><test-suite name="Barebone.Routing.Tests.RouteTree_GetAllRoutes" success="True" time="0.004"><results><test-case name="Barebone.Routing.Tests.RouteTree_GetAllRoutes.Returns_all_routes" executed="True" success="True" time="0.004"></test-case></results></test-suite></results></test-suite></test-results>