<?xml version="1.0" encoding="utf-8"?><test-results name="/home/alex/MonoDevelop/Barebone/src/Router/src/Barebone.Router.Fluent.Tests/bin/Debug/Barebone.Router.Fluent.Tests.dll" date="2014-01-04" time="14:50:44" total="4" failures="0" not-run="0"><test-suite name="/home/alex/MonoDevelop/Barebone/src/Router/src/Barebone.Router.Fluent.Tests/bin/Debug/Barebone.Router.Fluent.Tests.dll" success="True" time="0.045"><results><test-suite name="Barebone.Routing.Fluent.Tests.HighLevel" success="True" time="0.045"><results><test-case name="Barebone.Routing.Fluent.Tests.HighLevel.Get_to_static_path_is_working" executed="True" success="True" time="0.045"></test-case><test-case name="Barebone.Routing.Fluent.Tests.HighLevel.Post_to_static_path_is_working" executed="True" success="True" time="0.000"></test-case></results></test-suite><test-suite name="Barebone.Routing.Fluent.Tests.HighLevel_Conditions" success="True" time="0.000"><results><test-case name="Barebone.Routing.Fluent.Tests.HighLevel_Conditions.Route_with_condition_data_is_working" executed="True" success="True" time="0.000"></test-case><test-case name="Barebone.Routing.Fluent.Tests.HighLevel_Conditions.Does_not_route_to_action_if_condition_is_false" executed="True" success="True" time="0.000"></test-case></results></test-suite></results></test-suite></test-results>